<?xml version="1.0" encoding="utf-8"?><testsuites name="pytest tests"><testsuite name="pytest" errors="0" failures="0" skipped="0" tests="13" time="2.202" timestamp="2026-05-07T22:47:27.737460+00:00" hostname="agent-env-572035fb-50c1-4126-850c-556059b96b10"><testcase classname="backend.tests.backend_test" name="test_root_health" time="0.193" /><testcase classname="backend.tests.backend_test" name="test_admin_verify_bad_token" time="0.161" /><testcase classname="backend.tests.backend_test" name="test_admin_verify_correct_token" time="0.147" /><testcase classname="backend.tests.backend_test" name="test_contact_create_public" time="0.172" /><testcase classname="backend.tests.backend_test" name="test_contact_list_requires_admin" time="0.148" /><testcase classname="backend.tests.backend_test" name="test_contact_list_with_admin" time="0.140" /><testcase classname="backend.tests.backend_test" name="test_photo_create_requires_admin" time="0.123" /><testcase classname="backend.tests.backend_test" name="test_photos_list_public_filter" time="0.254" /><testcase classname="backend.tests.backend_test" name="test_photos_list_all" time="0.220" /><testcase classname="backend.tests.backend_test" name="test_photos_list_no_param" time="0.108" /><testcase classname="backend.tests.backend_test" name="test_delete_photo_requires_admin" time="0.148" /><testcase classname="backend.tests.backend_test" name="test_delete_photo_404" time="0.106" /><testcase classname="backend.tests.backend_test" name="test_delete_photo_success" time="0.211" /></testsuite></testsuites>